<<<<<<< HEAD
﻿Build started 2014-12-16 12:59:47 AM.
     1>Project "C:\Users\Amr\Documents\GitHub\Verilog-Mips\Mips-Assembler\Mips-Assembler\Mips-Assembler.vcxproj" on node 2 (Build target(s)).
=======
﻿Build started 12/15/2014 11:27:57 PM.
     1>Project "D:\Youssef\Projects\Verilog-Mips\Mips-Assembler\Mips-Assembler\Mips-Assembler.vcxproj" on node 2 (Build target(s)).
>>>>>>> 6437a72a3c6571e93b4a05e71a0c4abce800a034
     1>ClCompile:
         C:\Program Files (x86)\Microsoft Visual Studio 12.0\VC\bin\CL.exe /c /ZI /nologo /W3 /WX- /sdl /Od /Oy- /D WIN32 /D _DEBUG /D _CONSOLE /D _LIB /D _UNICODE /D UNICODE /Gm /EHsc /RTC1 /MDd /GS /fp:precise /Zc:wchar_t /Zc:forScope /Fo"Debug\\" /Fd"Debug\vc120.pdb" /Gd /TP /analyze- /errorReport:prompt Source.cpp
         Source.cpp
<<<<<<< HEAD
     1>c:\users\amr\documents\github\verilog-mips\mips-assembler\mips-assembler\source.cpp(96): warning C4018: '<' : signed/unsigned mismatch
=======
     1>d:\youssef\projects\verilog-mips\mips-assembler\mips-assembler\source.cpp(70): warning C4018: '<' : signed/unsigned mismatch
>>>>>>> 6437a72a3c6571e93b4a05e71a0c4abce800a034
       Link:
         C:\Program Files (x86)\Microsoft Visual Studio 12.0\VC\bin\link.exe /ERRORREPORT:PROMPT /OUT:"C:\Users\Amr\Documents\GitHub\Verilog-Mips\Mips-Assembler\Debug\Mips-Assembler.exe" /INCREMENTAL /NOLOGO kernel32.lib user32.lib gdi32.lib winspool.lib comdlg32.lib advapi32.lib shell32.lib ole32.lib oleaut32.lib uuid.lib odbc32.lib odbccp32.lib /MANIFEST /MANIFESTUAC:"level='asInvoker' uiAccess='false'" /manifest:embed /DEBUG /PDB:"C:\Users\Amr\Documents\GitHub\Verilog-Mips\Mips-Assembler\Debug\Mips-Assembler.pdb" /SUBSYSTEM:CONSOLE /TLBID:1 /DYNAMICBASE /NXCOMPAT /IMPLIB:"C:\Users\Amr\Documents\GitHub\Verilog-Mips\Mips-Assembler\Debug\Mips-Assembler.lib" /MACHINE:X86 Debug\Source.obj
         Mips-Assembler.vcxproj -> C:\Users\Amr\Documents\GitHub\Verilog-Mips\Mips-Assembler\Debug\Mips-Assembler.exe
     1>Done Building Project "C:\Users\Amr\Documents\GitHub\Verilog-Mips\Mips-Assembler\Mips-Assembler\Mips-Assembler.vcxproj" (Build target(s)).

Build succeeded.

<<<<<<< HEAD
Time Elapsed 00:00:05.13
=======
Time Elapsed 00:00:02.27
>>>>>>> 6437a72a3c6571e93b4a05e71a0c4abce800a034
